#
# There is insufficient memory for the Java Runtime Environment to continue.
# Native memory allocation (mmap) failed to map 167772160 bytes for Failed to commit area from 0x0000000761e00000 to 0x000000076be00000 of length 167772160.
# Possible reasons:
#   The system is out of physical RAM or swap space
#   The process is running with CompressedOops enabled, and the Java Heap may be blocking the growth of the native heap
# Possible solutions:
#   Reduce memory load on the system
#   Increase physical memory or swap space
#   Check if swap backing store is full
#   Decrease Java heap size (-Xmx/-Xms)
#   Decrease number of Java threads
#   Decrease Java thread stack sizes (-Xss)
#   Set larger code cache with -XX:ReservedCodeCacheSize=
# This output file may be truncated or incomplete.
#
#  Out of Memory Error (./src/hotspot/os/windows/os_windows.cpp:3619), pid=14632, tid=8744
#
# JRE version:  (11.0.13+7) (build )
# Java VM: OpenJDK 64-Bit Server VM (11.0.13+7-b1751.19, mixed mode, sharing, tiered, compressed oops, g1 gc, windows-amd64)
# No core dump will be written. Minidumps are not enabled by default on client versions of Windows
#

---------------  S U M M A R Y ------------

Command Line: git4idea.http.GitAskPassApp Username for 'https://github.com': 

Host: Intel(R) Core(TM) i5-5300U CPU @ 2.30GHz, 4 cores, 9G,  Windows 10 , 64 bit Build 19041 (10.0.19041.1348)
Time: Tue Dec 28 00:15:27 2021 SA Pacific Standard Time elapsed time: 0.027647 seconds (0d 0h 0m 0s)

---------------  T H R E A D  ---------------

Current thread (0x00000215a2c5a000):  JavaThread "Unknown thread" [_thread_in_vm, id=8744, stack(0x0000009d9e500000,0x0000009d9e600000)]

Stack: [0x0000009d9e500000,0x0000009d9e600000]
Native frames: (J=compiled Java code, j=interpreted, Vv=VM code, C=native code)
V  [jvm.dll+0x613ada]
V  [jvm.dll+0x799a80]
V  [jvm.dll+0x79b09d]
V  [jvm.dll+0x79b773]
V  [jvm.dll+0x24c4c8]
V  [jvm.dll+0x610b64]
V  [jvm.dll+0x605855]
V  [jvm.dll+0x30aaeb]
V  [jvm.dll+0x30aa5a]
V  [jvm.dll+0x30a932]
V  [jvm.dll+0x30f896]
V  [jvm.dll+0x359293]
V  [jvm.dll+0x359996]
V  [jvm.dll+0x359393]
V  [jvm.dll+0x2e5308]
V  [jvm.dll+0x2e64b7]
V  [jvm.dll+0x7769c7]
V  [jvm.dll+0x7781bc]
V  [jvm.dll+0x366829]
V  [jvm.dll+0x75a52e]
V  [jvm.dll+0x3d4923]
V  [jvm.dll+0x3d6e91]
C  [jli.dll+0x536b]
C  [ucrtbase.dll+0x21bb2]
C  [KERNEL32.DLL+0x17034]
C  [ntdll.dll+0x52651]


---------------  P R O C E S S  ---------------

Threads class SMR info:
_java_thread_list=0x00000215a0bbfba0, length=0, elements={
}

Java Threads: ( => current thread )

Other Threads:
  0x00000215a2c72800 GCTaskThread "GC Thread#0" [stack: 0x0000009d9e700000,0x0000009d9e800000] [id=15276]
  0x00000215a2cad800 ConcurrentGCThread "G1 Main Marker" [stack: 0x0000009d9e800000,0x0000009d9e900000] [id=9928]
  0x00000215a2caf000 ConcurrentGCThread "G1 Conc#0" [stack: 0x0000009d9e900000,0x0000009d9ea00000] [id=14304]

[error occurred during error reporting (printing all threads), id 0xc0000005, EXCEPTION_ACCESS_VIOLATION (0xc0000005) at pc=0x00007ffd0c825b77]

VM state:not at safepoint (not fully initialized)

VM Mutex/Monitor currently owned by a thread:  ([mutex/lock_event])
[0x00000215a2c56c30] Heap_lock - owner thread: 0x00000215a2c5a000

Heap address: 0x0000000761e00000, size: 2530 MB, Compressed Oops mode: Non-zero based: 0x0000000761e00000
Narrow klass base: 0x0000000000000000, Narrow klass shift: 0

GC Heap History (0 events):
No events

Deoptimization events (0 events):
No events

Classes redefined (0 events):
No events

Internal exceptions (0 events):
No events

Events (1 events):
Event: 0.020 Loaded shared library C:\Program Files\JetBrains\PhpStorm 2021.3\jbr\bin\zip.dll


Dynamic libraries:
0x00007ff7cb4f0000 - 0x00007ff7cb4fa000 	C:\Program Files\JetBrains\PhpStorm 2021.3\jbr\bin\java.exe
0x00007ffd3bf50000 - 0x00007ffd3c145000 	C:\Windows\SYSTEM32\ntdll.dll
0x00007ffd3add0000 - 0x00007ffd3ae8e000 	C:\Windows\System32\KERNEL32.DLL
0x00007ffd39a00000 - 0x00007ffd39cc8000 	C:\Windows\System32\KERNELBASE.dll
0x00007ffd39cd0000 - 0x00007ffd39dd0000 	C:\Windows\System32\ucrtbase.dll
0x00007ffd29b90000 - 0x00007ffd29ba9000 	C:\Program Files\JetBrains\PhpStorm 2021.3\jbr\bin\jli.dll
0x00007ffd3a6e0000 - 0x00007ffd3a881000 	C:\Windows\System32\USER32.dll
0x00007ffd39940000 - 0x00007ffd39962000 	C:\Windows\System32\win32u.dll
0x00007ffd3ab70000 - 0x00007ffd3ab9b000 	C:\Windows\System32\GDI32.dll
0x00007ffd39e80000 - 0x00007ffd39f8d000 	C:\Windows\System32\gdi32full.dll
0x00007ffd39660000 - 0x00007ffd396fd000 	C:\Windows\System32\msvcp_win.dll
0x00007ffd29160000 - 0x00007ffd29177000 	C:\Program Files\JetBrains\PhpStorm 2021.3\jbr\bin\VCRUNTIME140.dll
0x00007ffd2aed0000 - 0x00007ffd2b16a000 	C:\Windows\WinSxS\amd64_microsoft.windows.common-controls_6595b64144ccf1df_6.0.19041.1110_none_60b5254171f9507e\COMCTL32.dll
0x00007ffd3aba0000 - 0x00007ffd3ac3e000 	C:\Windows\System32\msvcrt.dll
0x00007ffd3acc0000 - 0x00007ffd3acf0000 	C:\Windows\System32\IMM32.DLL
0x00007ffd16330000 - 0x00007ffd163cd000 	C:\Program Files\JetBrains\PhpStorm 2021.3\jbr\bin\msvcp140.dll
0x00007ffd0c530000 - 0x00007ffd0d0a6000 	C:\Program Files\JetBrains\PhpStorm 2021.3\jbr\bin\server\jvm.dll
0x00007ffd3b050000 - 0x00007ffd3b0fc000 	C:\Windows\System32\ADVAPI32.dll
0x00007ffd3be70000 - 0x00007ffd3bf0b000 	C:\Windows\System32\sechost.dll
0x00007ffd3aa40000 - 0x00007ffd3ab6a000 	C:\Windows\System32\RPCRT4.dll
0x00007ffd3adc0000 - 0x00007ffd3adc8000 	C:\Windows\System32\PSAPI.DLL
0x00007ffd271b0000 - 0x00007ffd271b9000 	C:\Windows\SYSTEM32\WSOCK32.dll
0x00007ffd3ad50000 - 0x00007ffd3adbb000 	C:\Windows\System32\WS2_32.dll
0x00007ffd2aea0000 - 0x00007ffd2aec7000 	C:\Windows\SYSTEM32\WINMM.dll
0x00007ffd2b8b0000 - 0x00007ffd2b8ba000 	C:\Windows\SYSTEM32\VERSION.dll
0x00007ffd37f30000 - 0x00007ffd37f42000 	C:\Windows\SYSTEM32\kernel.appcore.dll
0x00007ffd347a0000 - 0x00007ffd347b1000 	C:\Program Files\JetBrains\PhpStorm 2021.3\jbr\bin\verify.dll
0x00007ffd37bf0000 - 0x00007ffd37dd4000 	C:\Windows\SYSTEM32\DBGHELP.DLL
0x00007ffd247f0000 - 0x00007ffd2481c000 	C:\Windows\SYSTEM32\dbgcore.DLL
0x00007ffd39970000 - 0x00007ffd399f2000 	C:\Windows\System32\bcryptPrimitives.dll
0x00007ffd2b350000 - 0x00007ffd2b379000 	C:\Program Files\JetBrains\PhpStorm 2021.3\jbr\bin\java.dll
0x00007ffd350d0000 - 0x00007ffd350db000 	C:\Program Files\JetBrains\PhpStorm 2021.3\jbr\bin\jimage.dll
0x00007ffd2b940000 - 0x00007ffd2b958000 	C:\Program Files\JetBrains\PhpStorm 2021.3\jbr\bin\zip.dll

dbghelp: loaded successfully - version: 4.0.5 - missing functions: none
symbol engine: initialized successfully - sym options: 0x614 - pdb path: .;C:\Program Files\JetBrains\PhpStorm 2021.3\jbr\bin;C:\Windows\SYSTEM32;C:\Windows\WinSxS\amd64_microsoft.windows.common-controls_6595b64144ccf1df_6.0.19041.1110_none_60b5254171f9507e;C:\Program Files\JetBrains\PhpStorm 2021.3\jbr\bin\server

VM Arguments:
java_command: git4idea.http.GitAskPassApp Username for 'https://github.com': 
java_class_path (initial): C:/Program Files/JetBrains/PhpStorm 2021.3/plugins/git4idea/lib/git4idea-rt.jar;C:/Program Files/JetBrains/PhpStorm 2021.3/lib/3rd-party.jar;C:/Program Files/JetBrains/PhpStorm 2021.3/lib/3rd-party-rt.jar
Launcher Type: SUN_STANDARD

[Global flags]
     intx CICompilerCount                          = 3                                         {product} {ergonomic}
     uint ConcGCThreads                            = 1                                         {product} {ergonomic}
     uint G1ConcRefinementThreads                  = 4                                         {product} {ergonomic}
   size_t G1HeapRegionSize                         = 1048576                                   {product} {ergonomic}
    uintx GCDrainStackTargetSize                   = 64                                        {product} {ergonomic}
   size_t InitialHeapSize                          = 167772160                                 {product} {ergonomic}
   size_t MarkStackSize                            = 4194304                                   {product} {ergonomic}
   size_t MaxHeapSize                              = 2652897280                                {product} {ergonomic}
   size_t MinHeapDeltaBytes                        = 1048576                                   {product} {ergonomic}
    uintx NonNMethodCodeHeapSize                   = 5830732                                {pd product} {ergonomic}
    uintx NonProfiledCodeHeapSize                  = 122913754                              {pd product} {ergonomic}
    uintx ProfiledCodeHeapSize                     = 122913754                              {pd product} {ergonomic}
    uintx ReservedCodeCacheSize                    = 251658240                              {pd product} {ergonomic}
     bool SegmentedCodeCache                       = true                                      {product} {ergonomic}
     bool UseCompressedClassPointers               = true                                 {lp64_product} {ergonomic}
     bool UseCompressedOops                        = true                                 {lp64_product} {ergonomic}
     bool UseG1GC                                  = true                                      {product} {ergonomic}
     bool UseLargePagesIndividualAllocation        = false                                  {pd product} {ergonomic}

Logging:
Log output configuration:
 #0: stdout all=warning uptime,level,tags
 #1: stderr all=off uptime,level,tags

Environment Variables:
PATH=C:\Program Files\Git\mingw64\libexec\git-core;C:\Program Files\Git\mingw64\libexec\git-core;C:\Program Files\Git\mingw64\bin;C:\Program Files\Git\usr\bin;C:\Users\javau\bin;C:\Program Files (x86)\Intel\iCLS Client;C:\Program Files\Intel\iCLS Client;C:\Windows\system32;C:\Windows;C:\Windows\System32\Wbem;C:\Windows\System32\WindowsPowerShell\v1.0;C:\Windows\System32\OpenSSH;C:\Program Files (x86)\Intel\Intel(R) Management Engine Components\DAL;C:\Program Files\Intel\Intel(R) Management Engine Components\DAL;C:\Program Files (x86)\Intel\Intel(R) Management Engine Components\IPT;C:\Program Files\Intel\Intel(R) Management Engine Components\IPT;C:\ProgramData\ComposerSetup\bin;C:\Program Files\nodejs;C:\ProgramData\chocolatey\bin;C:\Program Files\Git\cmd;C:\xampp\php;C:\Users\javau\spicetify-cli;C:\Users\javau\AppData\Local\atom\bin;C:\Program Files\JetBrains\WebStorm 2020.1\bin;C:\Users\javau\AppData\Roaming\Composer\vendor\bin;C:\Users\javau\AppData\Roaming\npm;C:\Program Files\heroku\bin;C:\Users\javau\AppData\Local\GitHubDesktop\bin
USERNAME=javau
DISPLAY=:0.0
LC_ALL=en_US.UTF-8
OS=Windows_NT
PROCESSOR_IDENTIFIER=Intel64 Family 6 Model 61 Stepping 4, GenuineIntel



---------------  S Y S T E M  ---------------

OS: Windows 10 , 64 bit Build 19041 (10.0.19041.1348)
OS uptime: 0 days 2:10 hours

CPU:total 4 (initial active 4) (2 cores per cpu, 2 threads per core) family 6 model 61 stepping 4 microcode 0x2d, cmov, cx8, fxsr, mmx, sse, sse2, sse3, ssse3, sse4.1, sse4.2, popcnt, avx, avx2, aes, clmul, erms, rtm, 3dnowpref, lzcnt, ht, tsc, tscinvbit, bmi1, bmi2, adx, fma

Memory: 4k page, system-wide physical 10112M (683M free)
TotalPageFile size 13112M (AvailPageFile size 143M)
current process WorkingSet (physical memory assigned to process): 9M, peak: 9M
current process commit charge ("private bytes"): 51M, peak: 211M

vm_info: OpenJDK 64-Bit Server VM (11.0.13+7-b1751.19) for windows-amd64 JRE (11.0.13+7-b1751.19), built on Nov  9 2021 11:31:28 by "" with MS VC++ 14.0 (VS2015)

END.
