#
# There is insufficient memory for the Java Runtime Environment to continue.
# Native memory allocation (mmap) failed to map 167772160 bytes for Failed to commit area from 0x0000000761e00000 to 0x000000076be00000 of length 167772160.
# Possible reasons:
#   The system is out of physical RAM or swap space
#   The process is running with CompressedOops enabled, and the Java Heap may be blocking the growth of the native heap
# Possible solutions:
#   Reduce memory load on the system
#   Increase physical memory or swap space
#   Check if swap backing store is full
#   Decrease Java heap size (-Xmx/-Xms)
#   Decrease number of Java threads
#   Decrease Java thread stack sizes (-Xss)
#   Set larger code cache with -XX:ReservedCodeCacheSize=
# This output file may be truncated or incomplete.
#
#  Out of Memory Error (./src/hotspot/os/windows/os_windows.cpp:3511), pid=10640, tid=16316
#
# JRE version:  (11.0.11+9) (build )
# Java VM: OpenJDK 64-Bit Server VM (11.0.11+9-b1504.13, mixed mode, sharing, tiered, compressed oops, g1 gc, windows-amd64)
# No core dump will be written. Minidumps are not enabled by default on client versions of Windows
#

---------------  S U M M A R Y ------------

Command Line: git4idea.http.GitAskPassApp Username for 'https://github.com': 

Host: Intel(R) Core(TM) i5-5300U CPU @ 2.30GHz, 4 cores, 9G,  Windows 10 , 64 bit Build 19041 (10.0.19041.1023)
Time: Wed Dec 22 04:25:54 2021 SA Pacific Standard Time elapsed time: 0.025253 seconds (0d 0h 0m 0s)

---------------  T H R E A D  ---------------

Current thread (0x000002e03fba9000):  JavaThread "Unknown thread" [_thread_in_vm, id=16316, stack(0x000000f305e00000,0x000000f305f00000)]

Stack: [0x000000f305e00000,0x000000f305f00000]
Native frames: (J=compiled Java code, j=interpreted, Vv=VM code, C=native code)
V  [jvm.dll+0x5f5d5a]
V  [jvm.dll+0x7798b5]
V  [jvm.dll+0x77aecd]
V  [jvm.dll+0x77b583]
V  [jvm.dll+0x244978]
V  [jvm.dll+0x5f3174]
V  [jvm.dll+0x5e7d55]
V  [jvm.dll+0x30068b]
V  [jvm.dll+0x3005fa]
V  [jvm.dll+0x3004d2]
V  [jvm.dll+0x3053c6]
V  [jvm.dll+0x34e0a3]
V  [jvm.dll+0x34e7a6]
V  [jvm.dll+0x34e1a3]
V  [jvm.dll+0x2db0c8]
V  [jvm.dll+0x2dc267]
V  [jvm.dll+0x758057]
V  [jvm.dll+0x75984c]
V  [jvm.dll+0x35b659]
V  [jvm.dll+0x73b67e]
V  [jvm.dll+0x3c39f3]
V  [jvm.dll+0x3c5dd1]
C  [jli.dll+0x5373]
C  [ucrtbase.dll+0x21bb2]
C  [KERNEL32.DLL+0x17034]
C  [ntdll.dll+0x52651]


---------------  P R O C E S S  ---------------

Threads class SMR info:
_java_thread_list=0x000002e03e2cf580, length=0, elements={
}

Java Threads: ( => current thread )

Other Threads:
  0x000002e03fbc1800 GCTaskThread "GC Thread#0" [stack: 0x000000f305f00000,0x000000f306000000] [id=3132]
  0x000002e03fbfe000 ConcurrentGCThread "G1 Main Marker" [stack: 0x000000f306000000,0x000000f306100000] [id=792]
  0x000002e03fbff800 ConcurrentGCThread "G1 Conc#0" [stack: 0x000000f306100000,0x000000f306200000] [id=15732]

[error occurred during error reporting (printing all threads), id 0xc0000005, EXCEPTION_ACCESS_VIOLATION (0xc0000005) at pc=0x00007ffaed12b8f7]

VM state:not at safepoint (not fully initialized)

VM Mutex/Monitor currently owned by a thread:  ([mutex/lock_event])
[0x000002e03fba4a70] Heap_lock - owner thread: 0x000002e03fba9000

Heap address: 0x0000000761e00000, size: 2530 MB, Compressed Oops mode: Non-zero based: 0x0000000761e00000
Narrow klass base: 0x0000000000000000, Narrow klass shift: 0

GC Heap History (0 events):
No events

Deoptimization events (0 events):
No events

Classes redefined (0 events):
No events

Internal exceptions (0 events):
No events

Events (1 events):
Event: 0.018 Loaded shared library C:\Program Files\JetBrains\PhpStorm 2021.2\jbr\bin\zip.dll


Dynamic libraries:
0x00007ff779640000 - 0x00007ff77964a000 	C:\Program Files\JetBrains\PhpStorm 2021.2\jbr\bin\java.exe
0x00007ffb48410000 - 0x00007ffb48605000 	C:\Windows\SYSTEM32\ntdll.dll
0x00007ffb47fb0000 - 0x00007ffb4806d000 	C:\Windows\System32\KERNEL32.DLL
0x00007ffb46120000 - 0x00007ffb463e9000 	C:\Windows\System32\KERNELBASE.dll
0x00007ffb45bf0000 - 0x00007ffb45cf0000 	C:\Windows\System32\ucrtbase.dll
0x00007ffb0f0e0000 - 0x00007ffb0f0f7000 	C:\Program Files\JetBrains\PhpStorm 2021.2\jbr\bin\VCRUNTIME140.dll
0x00007ffb0f100000 - 0x00007ffb0f119000 	C:\Program Files\JetBrains\PhpStorm 2021.2\jbr\bin\jli.dll
0x00007ffb46490000 - 0x00007ffb46630000 	C:\Windows\System32\USER32.dll
0x00007ffb460f0000 - 0x00007ffb46112000 	C:\Windows\System32\win32u.dll
0x00007ffb48290000 - 0x00007ffb482ba000 	C:\Windows\System32\GDI32.dll
0x00007ffb31710000 - 0x00007ffb319aa000 	C:\Windows\WinSxS\amd64_microsoft.windows.common-controls_6595b64144ccf1df_6.0.19041.1110_none_60b5254171f9507e\COMCTL32.dll
0x00007ffb45fe0000 - 0x00007ffb460eb000 	C:\Windows\System32\gdi32full.dll
0x00007ffb48140000 - 0x00007ffb481de000 	C:\Windows\System32\msvcrt.dll
0x00007ffb45b50000 - 0x00007ffb45bed000 	C:\Windows\System32\msvcp_win.dll
0x00007ffb47f80000 - 0x00007ffb47fb0000 	C:\Windows\System32\IMM32.DLL
0x00007ffb0ee70000 - 0x00007ffb0ef0d000 	C:\Program Files\JetBrains\PhpStorm 2021.2\jbr\bin\msvcp140.dll
0x00007ffaece40000 - 0x00007ffaed98a000 	C:\Program Files\JetBrains\PhpStorm 2021.2\jbr\bin\server\jvm.dll
0x00007ffb481e0000 - 0x00007ffb4828c000 	C:\Windows\System32\ADVAPI32.dll
0x00007ffb46720000 - 0x00007ffb467bb000 	C:\Windows\System32\sechost.dll
0x00007ffb46d10000 - 0x00007ffb46e3a000 	C:\Windows\System32\RPCRT4.dll
0x00007ffb47f50000 - 0x00007ffb47f58000 	C:\Windows\System32\PSAPI.DLL
0x00007ffb2e3b0000 - 0x00007ffb2e3b9000 	C:\Windows\SYSTEM32\WSOCK32.dll
0x00007ffb46e40000 - 0x00007ffb46eab000 	C:\Windows\System32\WS2_32.dll
0x00007ffb35910000 - 0x00007ffb35937000 	C:\Windows\SYSTEM32\WINMM.dll
0x00007ffb3b3b0000 - 0x00007ffb3b3ba000 	C:\Windows\SYSTEM32\VERSION.dll
0x00007ffb44410000 - 0x00007ffb44422000 	C:\Windows\SYSTEM32\kernel.appcore.dll
0x00007ffb40dc0000 - 0x00007ffb40dd1000 	C:\Program Files\JetBrains\PhpStorm 2021.2\jbr\bin\verify.dll
0x00007ffb43970000 - 0x00007ffb43b54000 	C:\Windows\SYSTEM32\DBGHELP.DLL
0x00007ffb38580000 - 0x00007ffb385ac000 	C:\Windows\SYSTEM32\dbgcore.DLL
0x00007ffb463f0000 - 0x00007ffb46473000 	C:\Windows\System32\bcryptPrimitives.dll
0x00007ffb31140000 - 0x00007ffb31169000 	C:\Program Files\JetBrains\PhpStorm 2021.2\jbr\bin\java.dll
0x00007ffb3f380000 - 0x00007ffb3f38b000 	C:\Program Files\JetBrains\PhpStorm 2021.2\jbr\bin\jimage.dll
0x00007ffb3d660000 - 0x00007ffb3d678000 	C:\Program Files\JetBrains\PhpStorm 2021.2\jbr\bin\zip.dll

dbghelp: loaded successfully - version: 4.0.5 - missing functions: none
symbol engine: initialized successfully - sym options: 0x614 - pdb path: .;C:\Program Files\JetBrains\PhpStorm 2021.2\jbr\bin;C:\Windows\SYSTEM32;C:\Windows\WinSxS\amd64_microsoft.windows.common-controls_6595b64144ccf1df_6.0.19041.1110_none_60b5254171f9507e;C:\Program Files\JetBrains\PhpStorm 2021.2\jbr\bin\server

VM Arguments:
java_command: git4idea.http.GitAskPassApp Username for 'https://github.com': 
java_class_path (initial): C:/Program Files/JetBrains/PhpStorm 2021.2/plugins/git4idea/lib/git4idea-rt.jar;C:/Program Files/JetBrains/PhpStorm 2021.2/lib/3rd-party.jar
Launcher Type: SUN_STANDARD

[Global flags]
     intx CICompilerCount                          = 3                                         {product} {ergonomic}
     uint ConcGCThreads                            = 1                                         {product} {ergonomic}
     uint G1ConcRefinementThreads                  = 4                                         {product} {ergonomic}
   size_t G1HeapRegionSize                         = 1048576                                   {product} {ergonomic}
    uintx GCDrainStackTargetSize                   = 64                                        {product} {ergonomic}
   size_t InitialHeapSize                          = 167772160                                 {product} {ergonomic}
   size_t MarkStackSize                            = 4194304                                   {product} {ergonomic}
   size_t MaxHeapSize                              = 2652897280                                {product} {ergonomic}
   size_t MinHeapDeltaBytes                        = 1048576                                   {product} {ergonomic}
    uintx NonNMethodCodeHeapSize                   = 5830732                                {pd product} {ergonomic}
    uintx NonProfiledCodeHeapSize                  = 122913754                              {pd product} {ergonomic}
    uintx ProfiledCodeHeapSize                     = 122913754                              {pd product} {ergonomic}
    uintx ReservedCodeCacheSize                    = 251658240                              {pd product} {ergonomic}
     bool SegmentedCodeCache                       = true                                      {product} {ergonomic}
     bool UseCompressedClassPointers               = true                                 {lp64_product} {ergonomic}
     bool UseCompressedOops                        = true                                 {lp64_product} {ergonomic}
     bool UseG1GC                                  = true                                      {product} {ergonomic}
     bool UseLargePagesIndividualAllocation        = false                                  {pd product} {ergonomic}

Logging:
Log output configuration:
 #0: stdout all=warning uptime,level,tags
 #1: stderr all=off uptime,level,tags

Environment Variables:
PATH=C:\Program Files\Git\mingw64\libexec\git-core;C:\Program Files\Git\mingw64\libexec\git-core;C:\Program Files\Git\mingw64\bin;C:\Program Files\Git\usr\bin;C:\Users\javau\bin;C:\Program Files (x86)\Intel\iCLS Client;C:\Program Files\Intel\iCLS Client;C:\Windows\system32;C:\Windows;C:\Windows\System32\Wbem;C:\Windows\System32\WindowsPowerShell\v1.0;C:\Windows\System32\OpenSSH;C:\Program Files (x86)\Intel\Intel(R) Management Engine Components\DAL;C:\Program Files\Intel\Intel(R) Management Engine Components\DAL;C:\Program Files (x86)\Intel\Intel(R) Management Engine Components\IPT;C:\Program Files\Intel\Intel(R) Management Engine Components\IPT;C:\ProgramData\ComposerSetup\bin;C:\Program Files\nodejs;C:\ProgramData\chocolatey\bin;C:\Program Files\Git\cmd;C:\xampp\php;C:\Users\javau\spicetify-cli;C:\Users\javau\AppData\Local\atom\bin;C:\Program Files\JetBrains\WebStorm 2020.1\bin;C:\Users\javau\AppData\Roaming\Composer\vendor\bin;C:\Users\javau\AppData\Roaming\npm;C:\Program Files\heroku\bin;C:\Users\javau\AppData\Local\GitHubDesktop\bin
USERNAME=javau
DISPLAY=:0.0
LC_ALL=en_US.UTF-8
OS=Windows_NT
PROCESSOR_IDENTIFIER=Intel64 Family 6 Model 61 Stepping 4, GenuineIntel



---------------  S Y S T E M  ---------------

OS: Windows 10 , 64 bit Build 19041 (10.0.19041.1023)
OS uptime: 0 days 4:19 hours

CPU:total 4 (initial active 4) (2 cores per cpu, 2 threads per core) family 6 model 61 stepping 4 microcode 0x2d, cmov, cx8, fxsr, mmx, sse, sse2, sse3, ssse3, sse4.1, sse4.2, popcnt, avx, avx2, aes, clmul, erms, rtm, 3dnowpref, lzcnt, ht, tsc, tscinvbit, bmi1, bmi2, adx, fma

Memory: 4k page, system-wide physical 10112M (1301M free)
TotalPageFile size 13112M (AvailPageFile size 89M)
current process WorkingSet (physical memory assigned to process): 9M, peak: 9M
current process commit charge ("private bytes"): 51M, peak: 211M

vm_info: OpenJDK 64-Bit Server VM (11.0.11+9-b1504.13) for windows-amd64 JRE (11.0.11+9-b1504.13), built on Jul 18 2021 03:17:44 by "" with MS VC++ 14.0 (VS2015)

END.
